[
"equinix_fabric_cloud_router",
"equinix_fabric_connection",
"equinix_fabric_network",
"equinix_fabric_routing_protocol",
"equinix_fabric_service_profile",
"equinix_metal_bgp_session",
"equinix_metal_connection",
"equinix_metal_device",
"equinix_metal_device_network_type",
"equinix_metal_gateway",
"equinix_metal_ip_attachment",
"equinix_metal_organization",
"equinix_metal_organization_member",
"equinix_metal_port",
"equinix_metal_port_vlan_attachment",
"equinix_metal_project",
"equinix_metal_project_api_key",
"equinix_metal_project_ssh_key",
"equinix_metal_reserved_ip_block",
"equinix_metal_spot_market_request",
"equinix_metal_ssh_key",
"equinix_metal_user_api_key",
"equinix_metal_virtual_circuit",
"equinix_metal_vlan",
"equinix_metal_vrf",
"equinix_network_acl_template",
"equinix_network_bgp",
"equinix_network_device",
"equinix_network_device_link",
"equinix_network_file",
"equinix_network_ssh_key",
"equinix_network_ssh_user"
]